<?xml version="1.0" encoding="UTF-8"?>
<testng-results skipped="0" failed="0" total="0" passed="0">
  <reporter-output>
  </reporter-output>
  <suite name="com.propine.test.propine.AppTest" duration-ms="2" started-at="2020-06-15T10:07:43Z" finished-at="2020-06-15T10:07:43Z">
    <groups>
    </groups>
    <test name="Command line test" duration-ms="2" started-at="2020-06-15T10:07:43Z" finished-at="2020-06-15T10:07:43Z">
    </test> <!-- Command line test -->
  </suite> <!-- com.propine.test.propine.AppTest -->
</testng-results>
